app/build/intermediates/manifest_merge_blame_file/debug/processDebugMainManifest/manifest-merger-blame-debug-report.txt
1<?xml version="1.0" encoding="utf-8"?>
2<manifest xmlns:android="http://schemas.android.com/apk/res/android"
3    package="com.example.womenapp"
4    android:versionCode="1"
5    android:versionName="1.0" >
6
7    <uses-sdk
8        android:minSdkVersion="24"
9        android:targetSdkVersion="35" />
10
11    <!-- Permissions -->
12    <uses-permission android:name="android.permission.SEND_SMS" />
12-->src\main\AndroidManifest.xml:7:5-67
12-->src\main\AndroidManifest.xml:7:22-64
13    <uses-permission android:name="android.permission.RECEIVE_SMS" />
13-->src\main\AndroidManifest.xml:8:5-70
13-->src\main\AndroidManifest.xml:8:22-67
14    <uses-permission android:name="android.permission.READ_SMS" />
14-->src\main\AndroidManifest.xml:9:5-67
14-->src\main\AndroidManifest.xml:9:22-64
15    <uses-permission android:name="android.permission.RECEIVE_BOOT_COMPLETED" />
15-->src\main\AndroidManifest.xml:10:5-81
15-->src\main\AndroidManifest.xml:10:22-78
16    <uses-permission android:name="android.permission.CAMERA" />
16-->src\main\AndroidManifest.xml:11:5-65
16-->src\main\AndroidManifest.xml:11:22-62
17    <uses-permission android:name="android.permission.RECORD_AUDIO" />
17-->src\main\AndroidManifest.xml:12:5-71
17-->src\main\AndroidManifest.xml:12:22-68
18    <uses-permission android:name="android.permission.CALL_PHONE" />
18-->src\main\AndroidManifest.xml:13:5-69
18-->src\main\AndroidManifest.xml:13:22-66
19    <uses-permission
19-->src\main\AndroidManifest.xml:14:5-15:37
20        android:name="android.permission.WRITE_EXTERNAL_STORAGE"
20-->src\main\AndroidManifest.xml:14:22-78
21        android:maxSdkVersion="29" />
21-->src\main\AndroidManifest.xml:15:9-35
22
23    <uses-feature
23-->src\main\AndroidManifest.xml:16:5-18:36
24        android:name="android.hardware.telephony"
24-->src\main\AndroidManifest.xml:17:9-50
25        android:required="false" />
25-->src\main\AndroidManifest.xml:18:9-33
26    <uses-feature
26-->src\main\AndroidManifest.xml:16:5-18:36
27        android:name="android.hardware.telephony"
27-->src\main\AndroidManifest.xml:17:9-50
28        android:required="false" />
28-->src\main\AndroidManifest.xml:18:9-33
29    <uses-feature
29-->src\main\AndroidManifest.xml:22:5-24:36
30        android:name="android.hardware.camera"
30-->src\main\AndroidManifest.xml:23:9-47
31        android:required="false" />
31-->src\main\AndroidManifest.xml:24:9-33
32    <uses-feature
32-->src\main\AndroidManifest.xml:22:5-24:36
33        android:name="android.hardware.camera"
33-->src\main\AndroidManifest.xml:23:9-47
34        android:required="false" />
34-->src\main\AndroidManifest.xml:24:9-33
35
36    <uses-permission android:name="android.permission.SEND_SMS" />
36-->src\main\AndroidManifest.xml:7:5-67
36-->src\main\AndroidManifest.xml:7:22-64
37    <uses-permission android:name="android.permission.ACCESS_FINE_LOCATION" />
37-->src\main\AndroidManifest.xml:30:5-79
37-->src\main\AndroidManifest.xml:30:22-76
38    <uses-permission android:name="android.permission.ACCESS_COARSE_LOCATION" />
38-->src\main\AndroidManifest.xml:31:5-81
38-->src\main\AndroidManifest.xml:31:22-78
39    <uses-permission android:name="android.permission.INTERNET" />
39-->src\main\AndroidManifest.xml:32:5-66
39-->src\main\AndroidManifest.xml:32:22-64
40    <uses-permission android:name="android.permission.READ_EXTERNAL_STORAGE" />
40-->src\main\AndroidManifest.xml:33:5-80
40-->src\main\AndroidManifest.xml:33:22-77
41    <uses-permission android:name="android.permission.ACCESS_FINE_LOCATION" />
41-->src\main\AndroidManifest.xml:30:5-79
41-->src\main\AndroidManifest.xml:30:22-76
42    <uses-permission android:name="android.permission.ACCESS_COARSE_LOCATION" />
42-->src\main\AndroidManifest.xml:31:5-81
42-->src\main\AndroidManifest.xml:31:22-78
43
44    <permission
44-->[androidx.core:core:1.13.0] AndroidManifest.xml:22:5-24:47
45        android:name="com.example.womenapp.DYNAMIC_RECEIVER_NOT_EXPORTED_PERMISSION"
45-->[androidx.core:core:1.13.0] AndroidManifest.xml:23:9-81
46        android:protectionLevel="signature" />
46-->[androidx.core:core:1.13.0] AndroidManifest.xml:24:9-44
47
48    <uses-permission android:name="com.example.womenapp.DYNAMIC_RECEIVER_NOT_EXPORTED_PERMISSION" />
48-->[androidx.core:core:1.13.0] AndroidManifest.xml:26:5-97
48-->[androidx.core:core:1.13.0] AndroidManifest.xml:26:22-94
49
50    <application
50-->src\main\AndroidManifest.xml:38:5-81:19
51        android:allowBackup="true"
51-->src\main\AndroidManifest.xml:39:9-35
52        android:appComponentFactory="androidx.core.app.CoreComponentFactory"
52-->[androidx.core:core:1.13.0] AndroidManifest.xml:28:18-86
53        android:dataExtractionRules="@xml/data_extraction_rules"
53-->src\main\AndroidManifest.xml:46:9-65
54        android:debuggable="true"
55        android:extractNativeLibs="false"
56        android:fullBackupContent="@xml/backup_rules"
56-->src\main\AndroidManifest.xml:47:9-54
57        android:icon="@mipmap/logo2"
57-->src\main\AndroidManifest.xml:40:9-37
58        android:label="@string/app_name"
58-->src\main\AndroidManifest.xml:42:9-41
59        android:roundIcon="@mipmap/ic_launcher_round"
59-->src\main\AndroidManifest.xml:41:9-54
60        android:supportsRtl="true"
60-->src\main\AndroidManifest.xml:44:9-35
61        android:testOnly="true"
62        android:theme="@style/Theme.WomenApp" >
62-->src\main\AndroidManifest.xml:43:9-46
63        <uses-library
63-->src\main\AndroidManifest.xml:48:9-87
64            android:name="org.apache.http.legacy"
64-->src\main\AndroidManifest.xml:48:23-60
65            android:required="false" />
65-->src\main\AndroidManifest.xml:48:61-85
66
67        <!-- Main Activity -->
68        <activity
68-->src\main\AndroidManifest.xml:51:9-58:20
69            android:name="com.example.womenapp.MainActivity"
69-->src\main\AndroidManifest.xml:52:13-41
70            android:exported="true" >
70-->src\main\AndroidManifest.xml:53:13-36
71            <intent-filter>
71-->src\main\AndroidManifest.xml:54:13-57:29
72                <action android:name="android.intent.action.MAIN" />
72-->src\main\AndroidManifest.xml:55:17-69
72-->src\main\AndroidManifest.xml:55:25-66
73
74                <category android:name="android.intent.category.LAUNCHER" />
74-->src\main\AndroidManifest.xml:56:17-77
74-->src\main\AndroidManifest.xml:56:27-74
75            </intent-filter>
76        </activity>
77
78        <!-- Period Tracker Activity -->
79        <activity
79-->src\main\AndroidManifest.xml:61:9-63:39
80            android:name="com.example.womenapp.PeriodTrackerActivity"
80-->src\main\AndroidManifest.xml:62:13-50
81            android:exported="true" />
81-->src\main\AndroidManifest.xml:63:13-36
82
83        <!-- Chatbot Activity -->
84        <activity
84-->src\main\AndroidManifest.xml:66:9-68:40
85            android:name="com.example.womenapp.ChatbotActivity"
85-->src\main\AndroidManifest.xml:67:13-44
86            android:exported="false" />
86-->src\main\AndroidManifest.xml:68:13-37
87        <activity android:name="com.example.womenapp.livelocation" />
87-->src\main\AndroidManifest.xml:69:9-50
87-->src\main\AndroidManifest.xml:69:19-47
88
89        <!-- Period Reminder Receiver -->
90        <receiver
90-->src\main\AndroidManifest.xml:72:9-79:20
91            android:name="com.example.womenapp.PeriodReminderReceiver"
91-->src\main\AndroidManifest.xml:73:13-51
92            android:enabled="true"
92-->src\main\AndroidManifest.xml:74:13-35
93            android:exported="true" >
93-->src\main\AndroidManifest.xml:75:13-36
94            <intent-filter>
94-->src\main\AndroidManifest.xml:76:13-78:29
95                <action android:name="android.intent.action.BOOT_COMPLETED" />
95-->src\main\AndroidManifest.xml:77:17-79
95-->src\main\AndroidManifest.xml:77:25-76
96            </intent-filter>
97        </receiver>
98
99        <provider
99-->[androidx.emoji2:emoji2:1.3.0] AndroidManifest.xml:24:9-32:20
100            android:name="androidx.startup.InitializationProvider"
100-->[androidx.emoji2:emoji2:1.3.0] AndroidManifest.xml:25:13-67
101            android:authorities="com.example.womenapp.androidx-startup"
101-->[androidx.emoji2:emoji2:1.3.0] AndroidManifest.xml:26:13-68
102            android:exported="false" >
102-->[androidx.emoji2:emoji2:1.3.0] AndroidManifest.xml:27:13-37
103            <meta-data
103-->[androidx.emoji2:emoji2:1.3.0] AndroidManifest.xml:29:13-31:52
104                android:name="androidx.emoji2.text.EmojiCompatInitializer"
104-->[androidx.emoji2:emoji2:1.3.0] AndroidManifest.xml:30:17-75
105                android:value="androidx.startup" />
105-->[androidx.emoji2:emoji2:1.3.0] AndroidManifest.xml:31:17-49
106            <meta-data
106-->[androidx.lifecycle:lifecycle-process:2.6.2] AndroidManifest.xml:29:13-31:52
107                android:name="androidx.lifecycle.ProcessLifecycleInitializer"
107-->[androidx.lifecycle:lifecycle-process:2.6.2] AndroidManifest.xml:30:17-78
108                android:value="androidx.startup" />
108-->[androidx.lifecycle:lifecycle-process:2.6.2] AndroidManifest.xml:31:17-49
109            <meta-data
109-->[androidx.profileinstaller:profileinstaller:1.4.0] AndroidManifest.xml:29:13-31:52
110                android:name="androidx.profileinstaller.ProfileInstallerInitializer"
110-->[androidx.profileinstaller:profileinstaller:1.4.0] AndroidManifest.xml:30:17-85
111                android:value="androidx.startup" />
111-->[androidx.profileinstaller:profileinstaller:1.4.0] AndroidManifest.xml:31:17-49
112        </provider>
113
114        <receiver
114-->[androidx.profileinstaller:profileinstaller:1.4.0] AndroidManifest.xml:34:9-52:20
115            android:name="androidx.profileinstaller.ProfileInstallReceiver"
115-->[androidx.profileinstaller:profileinstaller:1.4.0] AndroidManifest.xml:35:13-76
116            android:directBootAware="false"
116-->[androidx.profileinstaller:profileinstaller:1.4.0] AndroidManifest.xml:36:13-44
117            android:enabled="true"
117-->[androidx.profileinstaller:profileinstaller:1.4.0] AndroidManifest.xml:37:13-35
118            android:exported="true"
118-->[androidx.profileinstaller:profileinstaller:1.4.0] AndroidManifest.xml:38:13-36
119            android:permission="android.permission.DUMP" >
119-->[androidx.profileinstaller:profileinstaller:1.4.0] AndroidManifest.xml:39:13-57
120            <intent-filter>
120-->[androidx.profileinstaller:profileinstaller:1.4.0] AndroidManifest.xml:40:13-42:29
121                <action android:name="androidx.profileinstaller.action.INSTALL_PROFILE" />
121-->[androidx.profileinstaller:profileinstaller:1.4.0] AndroidManifest.xml:41:17-91
121-->[androidx.profileinstaller:profileinstaller:1.4.0] AndroidManifest.xml:41:25-88
122            </intent-filter>
123            <intent-filter>
123-->[androidx.profileinstaller:profileinstaller:1.4.0] AndroidManifest.xml:43:13-45:29
124                <action android:name="androidx.profileinstaller.action.SKIP_FILE" />
124-->[androidx.profileinstaller:profileinstaller:1.4.0] AndroidManifest.xml:44:17-85
124-->[androidx.profileinstaller:profileinstaller:1.4.0] AndroidManifest.xml:44:25-82
125            </intent-filter>
126            <intent-filter>
126-->[androidx.profileinstaller:profileinstaller:1.4.0] AndroidManifest.xml:46:13-48:29
127                <action android:name="androidx.profileinstaller.action.SAVE_PROFILE" />
127-->[androidx.profileinstaller:profileinstaller:1.4.0] AndroidManifest.xml:47:17-88
127-->[androidx.profileinstaller:profileinstaller:1.4.0] AndroidManifest.xml:47:25-85
128            </intent-filter>
129            <intent-filter>
129-->[androidx.profileinstaller:profileinstaller:1.4.0] AndroidManifest.xml:49:13-51:29
130                <action android:name="androidx.profileinstaller.action.BENCHMARK_OPERATION" />
130-->[androidx.profileinstaller:profileinstaller:1.4.0] AndroidManifest.xml:50:17-95
130-->[androidx.profileinstaller:profileinstaller:1.4.0] AndroidManifest.xml:50:25-92
131            </intent-filter>
132        </receiver>
133    </application>
134
135</manifest>